This is pdfTeX, Version 3.141592653-2.6-1.40.22 (TeX Live 2021) (preloaded format=pdflatex 2022.2.10)  23 APR 2022 19:11
entering extended mode
 restricted \write18 enabled.
 file:line:error style messages enabled.
 %&-line parsing enabled.
**/Users/rahulseth/Desktop/Y4/S2/FYP/BAI_FYP/writeup/v1/main.tex
(/Users/rahulseth/Desktop/Y4/S2/FYP/BAI_FYP/writeup/v1/main.tex
LaTeX2e <2020-10-01> patch level 4
L3 programming layer <2021-02-18> (/usr/local/texlive/2021/texmf-dist/tex/latex/base/report.cls
Document Class: report 2020/04/10 v1.4m Standard LaTeX document class
(/usr/local/texlive/2021/texmf-dist/tex/latex/base/size11.clo
File: size11.clo 2020/04/10 v1.4m Standard LaTeX file (size option)
)
\c@part=\count179
\c@chapter=\count180
\c@section=\count181
\c@subsection=\count182
\c@subsubsection=\count183
\c@paragraph=\count184
\c@subparagraph=\count185
\c@figure=\count186
\c@table=\count187
\abovecaptionskip=\skip47
\belowcaptionskip=\skip48
\bibindent=\dimen138
) (/usr/local/texlive/2021/texmf-dist/tex/latex/base/inputenc.sty
Package: inputenc 2020/08/01 v1.3d Input encoding file
\inpenc@prehook=\toks15
\inpenc@posthook=\toks16
) (/usr/local/texlive/2021/texmf-dist/tex/generic/babel/babel.sty
Package: babel 2021/03/24 3.56 The Babel package
 (/usr/local/texlive/2021/texmf-dist/tex/generic/babel/babel.def
File: babel.def 2021/03/24 3.56 Babel common definitions
\babel@savecnt=\count188
\U@D=\dimen139
\l@babelnohyphens=\language87
 (/usr/local/texlive/2021/texmf-dist/tex/generic/babel/txtbabel.def)
\bbl@readstream=\read2
)
\bbl@dirlevel=\count189
 (/usr/local/texlive/2021/texmf-dist/tex/generic/babel-english/english.ldf
Language: english 2017/06/06 v3.3r English support from the babel system
Package babel Info: \l@canadian = using hyphenrules for english
(babel)             (\language0) on input line 102.
Package babel Info: \l@australian = using hyphenrules for ukenglish
(babel)             (\language21) on input line 105.
Package babel Info: \l@newzealand = using hyphenrules for ukenglish
(babel)             (\language21) on input line 108.
)) (/usr/local/texlive/2021/texmf-dist/tex/latex/adjustbox/adjustbox.sty
Package: adjustbox 2020/08/19 v1.3 Adjusting TeX boxes (trim, clip, ...)
 (/usr/local/texlive/2021/texmf-dist/tex/latex/xkeyval/xkeyval.sty
Package: xkeyval 2020/11/20 v2.8 package option processing (HA)
 (/usr/local/texlive/2021/texmf-dist/tex/generic/xkeyval/xkeyval.tex (/usr/local/texlive/2021/texmf-dist/tex/generic/xkeyval/xkvutils.tex
\XKV@toks=\toks17
\XKV@tempa@toks=\toks18
 (/usr/local/texlive/2021/texmf-dist/tex/generic/xkeyval/keyval.tex))
\XKV@depth=\count190
File: xkeyval.tex 2014/12/03 v2.7a key=value parser (HA)
)) (/usr/local/texlive/2021/texmf-dist/tex/latex/adjustbox/adjcalc.sty
Package: adjcalc 2012/05/16 v1.1 Provides advanced setlength with multiple back-ends (calc, etex, pgfmath)
) (/usr/local/texlive/2021/texmf-dist/tex/latex/adjustbox/trimclip.sty
Package: trimclip 2020/08/19 v1.2 Trim and clip general TeX material
 (/usr/local/texlive/2021/texmf-dist/tex/latex/graphics/graphicx.sty
Package: graphicx 2020/09/09 v1.2b Enhanced LaTeX Graphics (DPC,SPQR)
 (/usr/local/texlive/2021/texmf-dist/tex/latex/graphics/graphics.sty
Package: graphics 2020/08/30 v1.4c Standard LaTeX Graphics (DPC,SPQR)
 (/usr/local/texlive/2021/texmf-dist/tex/latex/graphics/trig.sty
Package: trig 2016/01/03 v1.10 sin cos tan (DPC)
) (/usr/local/texlive/2021/texmf-dist/tex/latex/graphics-cfg/graphics.cfg
File: graphics.cfg 2016/06/04 v1.11 sample graphics configuration
)
Package graphics Info: Driver file: pdftex.def on input line 105.
 (/usr/local/texlive/2021/texmf-dist/tex/latex/graphics-def/pdftex.def
File: pdftex.def 2020/10/05 v1.2a Graphics/color driver for pdftex
))
\Gin@req@height=\dimen140
\Gin@req@width=\dimen141
) (/usr/local/texlive/2021/texmf-dist/tex/latex/collectbox/collectbox.sty
Package: collectbox 2012/05/17 v0.4b Collect macro arguments as boxes
\collectedbox=\box47
)
\tc@llx=\dimen142
\tc@lly=\dimen143
\tc@urx=\dimen144
\tc@ury=\dimen145
Package trimclip Info: Using driver 'tc-pdftex.def'.
 (/usr/local/texlive/2021/texmf-dist/tex/latex/adjustbox/tc-pdftex.def
File: tc-pdftex.def 2019/01/04 v2.2 Clipping driver for pdftex
))
\adjbox@Width=\dimen146
\adjbox@Height=\dimen147
\adjbox@Depth=\dimen148
\adjbox@Totalheight=\dimen149
\adjbox@pwidth=\dimen150
\adjbox@pheight=\dimen151
\adjbox@pdepth=\dimen152
\adjbox@ptotalheight=\dimen153
 (/usr/local/texlive/2021/texmf-dist/tex/latex/ifoddpage/ifoddpage.sty
Package: ifoddpage 2016/04/23 v1.1 Conditionals for odd/even page detection
\c@checkoddpage=\count191
) (/usr/local/texlive/2021/texmf-dist/tex/latex/varwidth/varwidth.sty
Package: varwidth 2009/03/30 ver 0.92;  Variable-width minipages
\@vwid@box=\box48
\sift@deathcycles=\count192
\@vwid@loff=\dimen154
\@vwid@roff=\dimen155
)) (/usr/local/texlive/2021/texmf-dist/tex/latex/import/import.sty
Package: import 2020/04/01  v 6.2
) (/usr/local/texlive/2021/texmf-dist/tex/latex/subfig/subfig.sty
Package: subfig 2005/06/28 ver: 1.3 subfig package
 (/usr/local/texlive/2021/texmf-dist/tex/latex/caption/caption.sty
Package: caption 2020/10/26 v3.5g Customizing captions (AR)
 (/usr/local/texlive/2021/texmf-dist/tex/latex/caption/caption3.sty
Package: caption3 2020/10/21 v2.2e caption3 kernel (AR)
\captionmargin=\dimen156
\captionmargin@=\dimen157
\captionwidth=\dimen158
\caption@tempdima=\dimen159
\caption@indent=\dimen160
\caption@parindent=\dimen161
\caption@hangindent=\dimen162
Package caption Info: Standard document class detected.
)
\c@caption@flags=\count193
\c@continuedfloat=\count194
)
\c@KVtest=\count195
\sf@farskip=\skip49
\sf@captopadj=\dimen163
\sf@capskip=\skip50
\sf@nearskip=\skip51
\c@subfigure=\count196
\c@subfigure@save=\count197
\c@lofdepth=\count198
\c@subtable=\count199
\c@subtable@save=\count266
\c@lotdepth=\count267
\sf@top=\skip52
\sf@bottom=\skip53
) (/usr/local/texlive/2021/texmf-dist/tex/latex/url/url.sty
\Urlmuskip=\muskip16
Package: url 2013/09/16  ver 3.4  Verb mode for urls, etc.
) (/usr/local/texlive/2021/texmf-dist/tex/latex/hyperref/hyperref.sty
Package: hyperref 2021-02-27 v7.00k Hypertext links for LaTeX
 (/usr/local/texlive/2021/texmf-dist/tex/generic/ltxcmds/ltxcmds.sty
Package: ltxcmds 2020-05-10 v1.25 LaTeX kernel commands for general use (HO)
) (/usr/local/texlive/2021/texmf-dist/tex/generic/iftex/iftex.sty
Package: iftex 2020/03/06 v1.0d TeX engine tests
) (/usr/local/texlive/2021/texmf-dist/tex/generic/pdftexcmds/pdftexcmds.sty
Package: pdftexcmds 2020-06-27 v0.33 Utility functions of pdfTeX for LuaTeX (HO)
 (/usr/local/texlive/2021/texmf-dist/tex/generic/infwarerr/infwarerr.sty
Package: infwarerr 2019/12/03 v1.5 Providing info/warning/error messages (HO)
)
Package pdftexcmds Info: \pdf@primitive is available.
Package pdftexcmds Info: \pdf@ifprimitive is available.
Package pdftexcmds Info: \pdfdraftmode found.
) (/usr/local/texlive/2021/texmf-dist/tex/generic/kvsetkeys/kvsetkeys.sty
Package: kvsetkeys 2019/12/15 v1.18 Key value parser (HO)
) (/usr/local/texlive/2021/texmf-dist/tex/generic/kvdefinekeys/kvdefinekeys.sty
Package: kvdefinekeys 2019-12-19 v1.6 Define keys (HO)
) (/usr/local/texlive/2021/texmf-dist/tex/generic/pdfescape/pdfescape.sty
Package: pdfescape 2019/12/09 v1.15 Implements pdfTeX's escape features (HO)
) (/usr/local/texlive/2021/texmf-dist/tex/latex/hycolor/hycolor.sty
Package: hycolor 2020-01-27 v1.10 Color options for hyperref/bookmark (HO)
) (/usr/local/texlive/2021/texmf-dist/tex/latex/letltxmacro/letltxmacro.sty
Package: letltxmacro 2019/12/03 v1.6 Let assignment for LaTeX macros (HO)
) (/usr/local/texlive/2021/texmf-dist/tex/latex/auxhook/auxhook.sty
Package: auxhook 2019-12-17 v1.6 Hooks for auxiliary files (HO)
) (/usr/local/texlive/2021/texmf-dist/tex/latex/kvoptions/kvoptions.sty
Package: kvoptions 2020-10-07 v3.14 Key value format for package options (HO)
)
\@linkdim=\dimen164
\Hy@linkcounter=\count268
\Hy@pagecounter=\count269
 (/usr/local/texlive/2021/texmf-dist/tex/latex/hyperref/pd1enc.def
File: pd1enc.def 2021-02-27 v7.00k Hyperref: PDFDocEncoding definition (HO)
Now handling font encoding PD1 ...
... no UTF-8 mapping file for font encoding PD1
) (/usr/local/texlive/2021/texmf-dist/tex/latex/hyperref/hyperref-langpatches.def
File: hyperref-langpatches.def 2021-02-27 v7.00k Hyperref: patches for babel languages
) (/usr/local/texlive/2021/texmf-dist/tex/generic/intcalc/intcalc.sty
Package: intcalc 2019/12/15 v1.3 Expandable calculations with integers (HO)
) (/usr/local/texlive/2021/texmf-dist/tex/generic/etexcmds/etexcmds.sty
Package: etexcmds 2019/12/15 v1.7 Avoid name clashes with e-TeX commands (HO)
)
\Hy@SavedSpaceFactor=\count270
 (/usr/local/texlive/2021/texmf-dist/tex/latex/hyperref/puenc.def
File: puenc.def 2021-02-27 v7.00k Hyperref: PDF Unicode definition (HO)
Now handling font encoding PU ...
... no UTF-8 mapping file for font encoding PU
)
Package hyperref Info: Hyper figures OFF on input line 4192.
Package hyperref Info: Link nesting OFF on input line 4197.
Package hyperref Info: Hyper index ON on input line 4200.
Package hyperref Info: Plain pages OFF on input line 4207.
Package hyperref Info: Backreferencing OFF on input line 4212.
Package hyperref Info: Implicit mode ON; LaTeX internals redefined.
Package hyperref Info: Bookmarks ON on input line 4445.
\c@Hy@tempcnt=\count271
LaTeX Info: Redefining \url on input line 4804.
\XeTeXLinkMargin=\dimen165
 (/usr/local/texlive/2021/texmf-dist/tex/generic/bitset/bitset.sty
Package: bitset 2019/12/09 v1.3 Handle bit-vector datatype (HO)
 (/usr/local/texlive/2021/texmf-dist/tex/generic/bigintcalc/bigintcalc.sty
Package: bigintcalc 2019/12/15 v1.5 Expandable calculations on big integers (HO)
))
\Fld@menulength=\count272
\Field@Width=\dimen166
\Fld@charsize=\dimen167
Package hyperref Info: Hyper figures OFF on input line 6075.
Package hyperref Info: Link nesting OFF on input line 6080.
Package hyperref Info: Hyper index ON on input line 6083.
Package hyperref Info: backreferencing OFF on input line 6090.
Package hyperref Info: Link coloring OFF on input line 6095.
Package hyperref Info: Link coloring with OCG OFF on input line 6100.
Package hyperref Info: PDF/A mode OFF on input line 6105.
LaTeX Info: Redefining \ref on input line 6145.
LaTeX Info: Redefining \pageref on input line 6149.
 (/usr/local/texlive/2021/texmf-dist/tex/latex/base/atbegshi-ltx.sty
Package: atbegshi-ltx 2020/08/17 v1.0a Emulation of the original atbegshi package
with kernel methods
)
\Hy@abspage=\count273
\c@Item=\count274
\c@Hfootnote=\count275
)
Package hyperref Info: Driver (autodetected): hpdftex.
 (/usr/local/texlive/2021/texmf-dist/tex/latex/hyperref/hpdftex.def
File: hpdftex.def 2021-02-27 v7.00k Hyperref driver for pdfTeX
 (/usr/local/texlive/2021/texmf-dist/tex/latex/base/atveryend-ltx.sty
Package: atveryend-ltx 2020/08/19 v1.0a Emulation of the original atvery package
with kernel methods
)
\Fld@listcount=\count276
\c@bookmark@seq@number=\count277
 (/usr/local/texlive/2021/texmf-dist/tex/latex/rerunfilecheck/rerunfilecheck.sty
Package: rerunfilecheck 2019/12/05 v1.9 Rerun checks for auxiliary files (HO)
 (/usr/local/texlive/2021/texmf-dist/tex/generic/uniquecounter/uniquecounter.sty
Package: uniquecounter 2019/12/15 v1.4 Provide unlimited unique counter (HO)
)
Package uniquecounter Info: New unique counter `rerunfilecheck' on input line 286.
)
\Hy@SectionHShift=\skip54
) (/usr/local/texlive/2021/texmf-dist/tex/latex/cite/cite.sty
LaTeX Info: Redefining \cite on input line 302.
LaTeX Info: Redefining \nocite on input line 332.
Package: cite 2015/02/27  v 5.5
) (/usr/local/texlive/2021/texmf-dist/tex/latex/geometry/geometry.sty
Package: geometry 2020/01/02 v5.9 Page Geometry
 (/usr/local/texlive/2021/texmf-dist/tex/generic/iftex/ifvtex.sty
Package: ifvtex 2019/10/25 v1.7 ifvtex legacy package. Use iftex instead.
)
\Gm@cnth=\count278
\Gm@cntv=\count279
\c@Gm@tempcnt=\count280
\Gm@bindingoffset=\dimen168
\Gm@wd@mp=\dimen169
\Gm@odd@mp=\dimen170
\Gm@even@mp=\dimen171
\Gm@layoutwidth=\dimen172
\Gm@layoutheight=\dimen173
\Gm@layouthoffset=\dimen174
\Gm@layoutvoffset=\dimen175
\Gm@dimlist=\toks19
) (/usr/local/texlive/2021/texmf-dist/tex/latex/fancyhdr/fancyhdr.sty
Package: fancyhdr 2021/01/28 v4.0.1 Extensive control of page headers and footers
\f@nch@headwidth=\skip55
\f@nch@O@elh=\skip56
\f@nch@O@erh=\skip57
\f@nch@O@olh=\skip58
\f@nch@O@orh=\skip59
\f@nch@O@elf=\skip60
\f@nch@O@erf=\skip61
\f@nch@O@olf=\skip62
\f@nch@O@orf=\skip63
) (/usr/local/texlive/2021/texmf-dist/tex/generic/nth/nth.sty
Package: nth 2002/02/27
) (/usr/local/texlive/2021/texmf-dist/tex/latex/tools/afterpage.sty
Package: afterpage 2014/10/28 v1.08 After-Page Package (DPC)
\AP@output=\toks20
\AP@partial=\box49
\AP@footins=\box50
) (/usr/local/texlive/2021/texmf-dist/tex/latex/amsmath/amsmath.sty
Package: amsmath 2020/09/23 v2.17i AMS math features
\@mathmargin=\skip64

For additional information on amsmath, use the `?' option.
(/usr/local/texlive/2021/texmf-dist/tex/latex/amsmath/amstext.sty
Package: amstext 2000/06/29 v2.01 AMS text
 (/usr/local/texlive/2021/texmf-dist/tex/latex/amsmath/amsgen.sty
File: amsgen.sty 1999/11/30 v2.0 generic functions
\@emptytoks=\toks21
\ex@=\dimen176
)) (/usr/local/texlive/2021/texmf-dist/tex/latex/amsmath/amsbsy.sty
Package: amsbsy 1999/11/29 v1.2d Bold Symbols
\pmbraise@=\dimen177
) (/usr/local/texlive/2021/texmf-dist/tex/latex/amsmath/amsopn.sty
Package: amsopn 2016/03/08 v2.02 operator names
)
\inf@bad=\count281
LaTeX Info: Redefining \frac on input line 234.
\uproot@=\count282
\leftroot@=\count283
LaTeX Info: Redefining \overline on input line 399.
\classnum@=\count284
\DOTSCASE@=\count285
LaTeX Info: Redefining \ldots on input line 496.
LaTeX Info: Redefining \dots on input line 499.
LaTeX Info: Redefining \cdots on input line 620.
\Mathstrutbox@=\box51
\strutbox@=\box52
\big@size=\dimen178
LaTeX Font Info:    Redeclaring font encoding OML on input line 743.
LaTeX Font Info:    Redeclaring font encoding OMS on input line 744.
\macc@depth=\count286
\c@MaxMatrixCols=\count287
\dotsspace@=\muskip17
\c@parentequation=\count288
\dspbrk@lvl=\count289
\tag@help=\toks22
\row@=\count290
\column@=\count291
\maxfields@=\count292
\andhelp@=\toks23
\eqnshift@=\dimen179
\alignsep@=\dimen180
\tagshift@=\dimen181
\tagwidth@=\dimen182
\totwidth@=\dimen183
\lineht@=\dimen184
\@envbody=\toks24
\multlinegap=\skip65
\multlinetaggap=\skip66
\mathdisplay@stack=\toks25
LaTeX Info: Redefining \[ on input line 2923.
LaTeX Info: Redefining \] on input line 2924.
) (/usr/local/texlive/2021/texmf-dist/tex/latex/tools/array.sty
Package: array 2020/10/01 v2.5c Tabular extension package (FMi)
\col@sep=\dimen185
\ar@mcellbox=\box53
\extrarowheight=\dimen186
\NC@list=\toks26
\extratabsurround=\skip67
\backup@length=\skip68
\ar@cellbox=\box54
) (/usr/local/texlive/2021/texmf-dist/tex/latex/graphics/color.sty
Package: color 2020/02/24 v1.2b Standard LaTeX Color (DPC)
 (/usr/local/texlive/2021/texmf-dist/tex/latex/graphics-cfg/color.cfg
File: color.cfg 2016/01/02 v1.6 sample color configuration
)
Package color Info: Driver file: pdftex.def on input line 147.
) (/usr/local/texlive/2021/texmf-dist/tex/latex/blindtext/blindtext.sty
Package: blindtext 2012/01/06 V2.0 blindtext-Package
 (/usr/local/texlive/2021/texmf-dist/tex/latex/tools/xspace.sty
Package: xspace 2014/10/28 v1.13 Space after command names (DPC,MH)
)
\c@blindtext=\count293
\c@Blindtext=\count294
\c@blind@countparstart=\count295
\blind@countxx=\count296
\blindtext@numBlindtext=\count297
\blind@countyy=\count298
\c@blindlist=\count299
\c@blindlistlevel=\count300
\c@blindlist@level=\count301
\blind@listitem=\count302
\c@blind@listcount=\count303
\c@blind@levelcount=\count304
\blind@mathformula=\count305
\blind@Mathformula=\count306
\c@blind@randomcount=\count307
\c@blind@randommax=\count308
\c@blind@pangramcount=\count309
\c@blind@pangrammax=\count310
) (/usr/local/texlive/2021/texmf-dist/tex/latex/listings/listings.sty
\lst@mode=\count311
\lst@gtempboxa=\box55
\lst@token=\toks27
\lst@length=\count312
\lst@currlwidth=\dimen187
\lst@column=\count313
\lst@pos=\count314
\lst@lostspace=\dimen188
\lst@width=\dimen189
\lst@newlines=\count315
\lst@lineno=\count316
\lst@maxwidth=\dimen190
 (/usr/local/texlive/2021/texmf-dist/tex/latex/listings/lstmisc.sty
File: lstmisc.sty 2020/03/24 1.8d (Carsten Heinz)
\c@lstnumber=\count317
\lst@skipnumbers=\count318
\lst@framebox=\box56
) (/usr/local/texlive/2021/texmf-dist/tex/latex/listings/listings.cfg
File: listings.cfg 2020/03/24 1.8d listings configuration
))
Package: listings 2020/03/24 1.8d (Carsten Heinz)
 (/usr/local/texlive/2021/texmf-dist/tex/latex/listings/lstlang1.sty
File: lstlang1.sty 2020/03/24 1.8d listings language file
) (/usr/local/texlive/2021/texmf-dist/tex/latex/natbib/natbib.sty
Package: natbib 2010/09/13 8.31b (PWD, AO)


Package natbib Warning: The `cite' package should not be used
(natbib)                with natbib. Use option `sort' instead.

\bibhang=\skip69
\bibsep=\skip70
LaTeX Info: Redefining \cite on input line 694.
LaTeX Info: Redefining \citenum on input line 708.
\c@NAT@ctr=\count319
) (/usr/local/texlive/2021/texmf-dist/tex/latex/l3backend/l3backend-pdftex.def
File: l3backend-pdftex.def 2021-03-18 L3 backend support: PDF output (pdfTeX)
\l__color_backend_stack_int=\count320
\l__pdf_internal_box=\box57
) (/Users/rahulseth/Desktop/Y4/S2/FYP/BAI_FYP/writeup/v1/main.aux)
\openout1 = `main.aux'.

LaTeX Font Info:    Checking defaults for OML/cmm/m/it on input line 64.
LaTeX Font Info:    ... okay on input line 64.
LaTeX Font Info:    Checking defaults for OMS/cmsy/m/n on input line 64.
LaTeX Font Info:    ... okay on input line 64.
LaTeX Font Info:    Checking defaults for OT1/cmr/m/n on input line 64.
LaTeX Font Info:    ... okay on input line 64.
LaTeX Font Info:    Checking defaults for T1/cmr/m/n on input line 64.
LaTeX Font Info:    ... okay on input line 64.
LaTeX Font Info:    Checking defaults for TS1/cmr/m/n on input line 64.
LaTeX Font Info:    ... okay on input line 64.
LaTeX Font Info:    Checking defaults for OMX/cmex/m/n on input line 64.
LaTeX Font Info:    ... okay on input line 64.
LaTeX Font Info:    Checking defaults for U/cmr/m/n on input line 64.
LaTeX Font Info:    ... okay on input line 64.
LaTeX Font Info:    Checking defaults for PD1/pdf/m/n on input line 64.
LaTeX Font Info:    ... okay on input line 64.
LaTeX Font Info:    Checking defaults for PU/pdf/m/n on input line 64.
LaTeX Font Info:    ... okay on input line 64.
 (/usr/local/texlive/2021/texmf-dist/tex/context/base/mkii/supp-pdf.mkii
[Loading MPS to PDF converter (version 2006.09.02).]
\scratchcounter=\count321
\scratchdimen=\dimen191
\scratchbox=\box58
\nofMPsegments=\count322
\nofMParguments=\count323
\everyMPshowfont=\toks28
\MPscratchCnt=\count324
\MPscratchDim=\dimen192
\MPnumerator=\count325
\makeMPintoPDFobject=\count326
\everyMPtoPDFconversion=\toks29
) (/usr/local/texlive/2021/texmf-dist/tex/latex/epstopdf-pkg/epstopdf-base.sty
Package: epstopdf-base 2020-01-24 v2.11 Base part for package epstopdf
 (/usr/local/texlive/2021/texmf-dist/tex/latex/grfext/grfext.sty
Package: grfext 2019/12/03 v1.3 Manage graphics extensions (HO)
)
Package epstopdf-base Info: Redefining graphics rule for `.eps' on input line 485.
Package grfext Info: Graphics extension search list:
(grfext)             [.pdf,.png,.jpg,.mps,.jpeg,.jbig2,.jb2,.PDF,.PNG,.JPG,.JPEG,.JBIG2,.JB2,.eps]
(grfext)             \AppendGraphicsExtensions on input line 504.
 (/usr/local/texlive/2021/texmf-dist/tex/latex/latexconfig/epstopdf-sys.cfg
File: epstopdf-sys.cfg 2010/07/13 v1.3 Configuration of (r)epstopdf for TeX Live
))
Package caption Info: Begin \AtBeginDocument code.
Package caption Info: subfig package v1.3 is loaded.
Package caption Info: hyperref package is loaded.
Package caption Info: listings package is loaded.
Package caption Info: End \AtBeginDocument code.
Package hyperref Info: Link coloring OFF on input line 64.
 (/usr/local/texlive/2021/texmf-dist/tex/latex/hyperref/nameref.sty
Package: nameref 2021-04-02 v2.47 Cross-referencing by name of section
 (/usr/local/texlive/2021/texmf-dist/tex/latex/refcount/refcount.sty
Package: refcount 2019/12/15 v3.6 Data extraction from label references (HO)
) (/usr/local/texlive/2021/texmf-dist/tex/generic/gettitlestring/gettitlestring.sty
Package: gettitlestring 2019/12/15 v1.6 Cleanup title references (HO)
)
\c@section@level=\count327
)
LaTeX Info: Redefining \ref on input line 64.
LaTeX Info: Redefining \pageref on input line 64.
LaTeX Info: Redefining \nameref on input line 64.
 (/Users/rahulseth/Desktop/Y4/S2/FYP/BAI_FYP/writeup/v1/main.out) (/Users/rahulseth/Desktop/Y4/S2/FYP/BAI_FYP/writeup/v1/main.out)
\@outlinefile=\write3
\openout3 = `main.out'.


*geometry* driver: auto-detecting
*geometry* detected driver: pdftex
*geometry* verbose mode - [ preamble ] result:
* driver: pdftex
* paper: a4paper
* layout: <same size as paper>
* layoutoffset:(h,v)=(0.0pt,0.0pt)
* modes: 
* h-part:(L,W,R)=(56.9055pt, 483.69687pt, 56.9055pt)
* v-part:(T,H,B)=(56.9055pt, 731.23584pt, 56.9055pt)
* \paperwidth=597.50787pt
* \paperheight=845.04684pt
* \textwidth=483.69687pt
* \textheight=731.23584pt
* \oddsidemargin=-15.36449pt
* \evensidemargin=-15.36449pt
* \topmargin=-52.36449pt
* \headheight=12.0pt
* \headsep=25.0pt
* \topskip=11.0pt
* \footskip=30.0pt
* \marginparwidth=50.0pt
* \marginparsep=10.0pt
* \columnsep=10.0pt
* \skip\footins=10.0pt plus 4.0pt minus 2.0pt
* \hoffset=0.0pt
* \voffset=0.0pt
* \mag=1000
* \@twocolumnfalse
* \@twosidefalse
* \@mparswitchfalse
* \@reversemarginfalse
* (1in=72.27pt=25.4mm, 1cm=28.453pt)

\c@lstlisting=\count328
<images//tcd.png, id=316, 323.0469pt x 85.5195pt>
File: images//tcd.png Graphic file (type png)
<use images//tcd.png>
Package pdftex.def Info: images//tcd.png  used on input line 75.
(pdftex.def)             Requested size: 355.35269pt x 94.07172pt.

LaTeX Font Warning: Font shape `OT1/cmss/bx/it' undefined
(Font)              using `OT1/cmss/bx/n' instead on input line 83.

[1

{/usr/local/texlive/2021/texmf-var/fonts/map/pdftex/updmap/pdftex.map} </Users/rahulseth/Desktop/Y4/S2/FYP/BAI_FYP/writeup/v1/images//tcd.png>] (/Users/rahulseth/Desktop/Y4/S2/FYP/BAI_FYP/writeup/v1/declration.tex
Underfull \hbox (badness 10000) in paragraph at lines 1--8

 []


Underfull \hbox (badness 10000) in paragraph at lines 1--8

 []

) [2

] (/Users/rahulseth/Desktop/Y4/S2/FYP/BAI_FYP/writeup/v1/abstract.tex
Underfull \hbox (badness 10000) in paragraph at lines 2--14

 []


Underfull \hbox (badness 1132) in paragraph at lines 2--14
\OT1/cmr/m/n/10.95 Mismanaged key reuse can cre-ate vul-ner-a-bil-i-ties in a net-work that can go un-de-tected and
 []

) [3

] (/Users/rahulseth/Desktop/Y4/S2/FYP/BAI_FYP/writeup/v1/acks.tex) [4

] (/Users/rahulseth/Desktop/Y4/S2/FYP/BAI_FYP/writeup/v1/acronyms.tex) [5

] (/Users/rahulseth/Desktop/Y4/S2/FYP/BAI_FYP/writeup/v1/main.lof [6

])
\tf@lof=\write4
\openout4 = `main.lof'.

 [7] (/Users/rahulseth/Desktop/Y4/S2/FYP/BAI_FYP/writeup/v1/main.lot)
\tf@lot=\write5
\openout5 = `main.lot'.

 [8

] (/Users/rahulseth/Desktop/Y4/S2/FYP/BAI_FYP/writeup/v1/main.lol)
\tf@lol=\write6
\openout6 = `main.lol'.

 [9

] (/Users/rahulseth/Desktop/Y4/S2/FYP/BAI_FYP/writeup/v1/main.toc [10

] [11] [12])
\tf@toc=\write7
\openout7 = `main.toc'.

 [1]
Chapter 1.
(/Users/rahulseth/Desktop/Y4/S2/FYP/BAI_FYP/writeup/v1/introduction.tex
Underfull \hbox (badness 10000) in paragraph at lines 6--18

 []


Underfull \hbox (badness 10000) in paragraph at lines 6--18

 []

[2

] [3]) [4]
Chapter 2.
(/Users/rahulseth/Desktop/Y4/S2/FYP/BAI_FYP/writeup/v1/background.tex [5

] [6] [7]
<images//asym_encrp.png, id=560, 643.40375pt x 241.90375pt>
File: images//asym_encrp.png Graphic file (type png)
<use images//asym_encrp.png>
Package pdftex.def Info: images//asym_encrp.png  used on input line 76.
(pdftex.def)             Requested size: 426.79134pt x 160.46901pt.
 [8 </Users/rahulseth/Desktop/Y4/S2/FYP/BAI_FYP/writeup/v1/images//asym_encrp.png>]
<images//tls_hs.png, id=569, 723.70375pt x 452.69125pt>
File: images//tls_hs.png Graphic file (type png)
<use images//tls_hs.png>
Package pdftex.def Info: images//tls_hs.png  used on input line 106.
(pdftex.def)             Requested size: 398.33858pt x 249.16745pt.
 [9 </Users/rahulseth/Desktop/Y4/S2/FYP/BAI_FYP/writeup/v1/images//tls_hs.png>] [10]
<images//tls-cipher-suite.png, id=590, 438.13687pt x 111.41624pt>
File: images//tls-cipher-suite.png Graphic file (type png)
<use images//tls-cipher-suite.png>
Package pdftex.def Info: images//tls-cipher-suite.png  used on input line 173.
(pdftex.def)             Requested size: 284.52756pt x 72.35509pt.
 [11 </Users/rahulseth/Desktop/Y4/S2/FYP/BAI_FYP/writeup/v1/images//tls-cipher-suite.png>]
<images//ssh_working.png, id=599, 1544.77126pt x 887.315pt>
File: images//ssh_working.png Graphic file (type png)
<use images//ssh_working.png>
Package pdftex.def Info: images//ssh_working.png  used on input line 228.
(pdftex.def)             Requested size: 369.88582pt x 212.459pt.


LaTeX Warning: `!h' float specifier changed to `!ht'.

[12] [13 </Users/rahulseth/Desktop/Y4/S2/FYP/BAI_FYP/writeup/v1/images//ssh_working.png>] [14] [15]) [16]
Chapter 3.
(/Users/rahulseth/Desktop/Y4/S2/FYP/BAI_FYP/writeup/v1/litreview.tex
Underfull \hbox (badness 10000) in paragraph at lines 3--38

 []

[17

] [18]) [19]
Chapter 4.
(/Users/rahulseth/Desktop/Y4/S2/FYP/BAI_FYP/writeup/v1/implementation.tex
<images//programstruct.drawio.png, id=674, 1165.35374pt x 814.04124pt>
File: images//programstruct.drawio.png Graphic file (type png)
<use images//programstruct.drawio.png>
Package pdftex.def Info: images//programstruct.drawio.png  used on input line 19.
(pdftex.def)             Requested size: 512.1496pt x 357.75693pt.

Overfull \hbox (28.45273pt too wide) in paragraph at lines 19--20
 [][] 
 []


LaTeX Warning: `h' float specifier changed to `ht'.

[20

] [21 </Users/rahulseth/Desktop/Y4/S2/FYP/BAI_FYP/writeup/v1/images//programstruct.drawio.png>]
<images//zmap_output.png, id=685, 1219.55624pt x 461.725pt>
File: images//zmap_output.png Graphic file (type png)
<use images//zmap_output.png>
Package pdftex.def Info: images//zmap_output.png  used on input line 67.
(pdftex.def)             Requested size: 512.1496pt x 193.90204pt.

Overfull \hbox (28.45273pt too wide) in paragraph at lines 67--68
 [][] 
 []

[22] [23 </Users/rahulseth/Desktop/Y4/S2/FYP/BAI_FYP/writeup/v1/images//zmap_output.png>]
Package hyperref Info: bookmark level for unknown lstlisting defaults to 0 on input line 81.
 [24]
<images//legend.png, id=716, 276.03125pt x 229.85875pt>
File: images//legend.png Graphic file (type png)
<use images//legend.png>
Package pdftex.def Info: images//legend.png  used on input line 141.
(pdftex.def)             Requested size: 312.9803pt x 260.65276pt.

Underfull \hbox (badness 10000) in paragraph at lines 135--145

 []

[25] [26 </Users/rahulseth/Desktop/Y4/S2/FYP/BAI_FYP/writeup/v1/images//legend.png>] [27]
Overfull \hbox (3.49835pt too wide) in paragraph at lines 199--200
[][][][][][][][][][][][][][][][][][][][][][][][][][][][][][][][][][][][][][][][][][][][][][][][][][]  
 []

[28]
Underfull \hbox (badness 10000) in paragraph at lines 234--246

 []

[29]
<images//old_mem_profile.png, id=798, 1193.45876pt x 389.455pt>
File: images//old_mem_profile.png Graphic file (type png)
<use images//old_mem_profile.png>
Package pdftex.def Info: images//old_mem_profile.png  used on input line 259.
(pdftex.def)             Requested size: 512.1496pt x 167.12364pt.

Overfull \hbox (28.45273pt too wide) in paragraph at lines 259--260
 [][] 
 []

[30 </Users/rahulseth/Desktop/Y4/S2/FYP/BAI_FYP/writeup/v1/images//old_mem_profile.png>] [31]) [32]
Chapter 5.
(/Users/rahulseth/Desktop/Y4/S2/FYP/BAI_FYP/writeup/v1/results.tex
<images//mapped-p25.png, id=823, 578.16pt x 433.62pt>
File: images//mapped-p25.png Graphic file (type png)
<use images//mapped-p25.png>
Package pdftex.def Info: images//mapped-p25.png  used on input line 10.
(pdftex.def)             Requested size: 369.88582pt x 277.40999pt.
 [33

 </Users/rahulseth/Desktop/Y4/S2/FYP/BAI_FYP/writeup/v1/images//mapped-p25.png>]
<images//hostsports.png, id=828, 462.528pt x 346.896pt>
File: images//hostsports.png Graphic file (type png)
<use images//hostsports.png>
Package pdftex.def Info: images//hostsports.png  used on input line 18.
(pdftex.def)             Requested size: 398.33858pt x 298.76936pt.

Underfull \hbox (badness 10000) in paragraph at lines 23--29

 []

<images//crypto-count.png, id=830, 462.528pt x 346.896pt>
File: images//crypto-count.png Graphic file (type png)
<use images//crypto-count.png>
Package pdftex.def Info: images//crypto-count.png  used on input line 35.
(pdftex.def)             Requested size: 341.43306pt x 256.08499pt.

LaTeX Warning: `!h' float specifier changed to `!ht'.

<images//sshvers.png, id=832, 462.528pt x 346.896pt>
File: images//sshvers.png Graphic file (type png)
<use images//sshvers.png>
Package pdftex.def Info: images//sshvers.png  used on input line 45.
(pdftex.def)             Requested size: 284.52756pt x 213.40593pt.
[34 </Users/rahulseth/Desktop/Y4/S2/FYP/BAI_FYP/writeup/v1/images//hostsports.png>] [35 </Users/rahulseth/Desktop/Y4/S2/FYP/BAI_FYP/writeup/v1/images//crypto-count.png> </Users/rahulseth/Desktop/Y4/S2/FYP/BAI_FYP/writeup/v1/images//sshvers.png>]
Underfull \hbox (badness 10000) in paragraph at lines 83--89

 []

[36]
<images//graph15.dot.png, id=857, 482.80376pt x 460.72125pt>
File: images//graph15.dot.png Graphic file (type png)
<use images//graph15.dot.png>
Package pdftex.def Info: images//graph15.dot.png  used on input line 97.
(pdftex.def)             Requested size: 284.52756pt x 271.52089pt.

Underfull \hbox (badness 10000) in paragraph at lines 101--108

 []

[37 </Users/rahulseth/Desktop/Y4/S2/FYP/BAI_FYP/writeup/v1/images//graph15.dot.png>]
<images//graph43.png, id=864, 873.2625pt x 793.96625pt>
File: images//graph43.png Graphic file (type png)
<use images//graph43.png>
Package pdftex.def Info: images//graph43.png  used on input line 112.
(pdftex.def)             Requested size: 398.33858pt x 362.16383pt.
 [38 </Users/rahulseth/Desktop/Y4/S2/FYP/BAI_FYP/writeup/v1/images//graph43.png>]
<images//graph72.png, id=871, 628.3475pt x 593.21625pt>
File: images//graph72.png Graphic file (type png)
<use images//graph72.png>
Package pdftex.def Info: images//graph72.png  used on input line 125.
(pdftex.def)             Requested size: 398.33858pt x 376.06355pt.
 [39 </Users/rahulseth/Desktop/Y4/S2/FYP/BAI_FYP/writeup/v1/images//graph72.png>]
<images//graph133.png, id=878, 901.3675pt x 846.16125pt>
File: images//graph133.png Graphic file (type png)
<use images//graph133.png>
Package pdftex.def Info: images//graph133.png  used on input line 138.
(pdftex.def)             Requested size: 398.33858pt x 373.93893pt.
 [40 </Users/rahulseth/Desktop/Y4/S2/FYP/BAI_FYP/writeup/v1/images//graph133.png>]
<images//graph148.png, id=884, 688.5725pt x 306.14375pt>
File: images//graph148.png Graphic file (type png)
<use images//graph148.png>
Package pdftex.def Info: images//graph148.png  used on input line 150.
(pdftex.def)             Requested size: 455.24408pt x 202.40584pt.
 [41 </Users/rahulseth/Desktop/Y4/S2/FYP/BAI_FYP/writeup/v1/images//graph148.png>]
<images//graph536.png, id=891, 647.41875pt x 552.0625pt>
File: images//graph536.png Graphic file (type png)
<use images//graph536.png>
Package pdftex.def Info: images//graph536.png  used on input line 165.
(pdftex.def)             Requested size: 455.24408pt x 388.19325pt.
 [42 </Users/rahulseth/Desktop/Y4/S2/FYP/BAI_FYP/writeup/v1/images//graph536.png>]
<images//graph786.dot.png, id=898, 543.02875pt x 494.84875pt>
File: images//graph786.dot.png Graphic file (type png)
<use images//graph786.dot.png>
Package pdftex.def Info: images//graph786.dot.png  used on input line 177.
(pdftex.def)             Requested size: 341.43306pt x 311.1523pt.
 [43 </Users/rahulseth/Desktop/Y4/S2/FYP/BAI_FYP/writeup/v1/images//graph786.dot.png>]
<images//newgraph.png, id=905, 1156.32pt x 867.24pt>
File: images//newgraph.png Graphic file (type png)
<use images//newgraph.png>
Package pdftex.def Info: images//newgraph.png  used on input line 191.
(pdftex.def)             Requested size: 483.69684pt x 362.76945pt.

Underfull \hbox (badness 1735) in paragraph at lines 196--201
\OT1/cmr/m/n/10.95 Table 5.12[] shows the TLS ci-pher suites seen for the se-lected clus-ters. The most com-
 []


Underfull \hbox (badness 2818) in paragraph at lines 196--201
\OT1/cmr/m/n/10.95 mon ci-pher suite was found to be [][]\OT1/cmtt/m/n/10.95 TLS_ECDHE_RSA_WITH_AES_128_GCM_SHA256 []\OT1/cmr/m/n/10.95 fol-lowed by
 []


Underfull \hbox (badness 2020) in paragraph at lines 196--201
\OT1/cmr/m/n/10.95 is known to have cryp-to-graphic weak-nesses. The IETF pro-hibits the use of any RC4-
 []


Underfull \hbox (badness 2626) in paragraph at lines 196--201
\OT1/cmr/m/n/10.95 based Ci-pher Suite as they do not pro-vide de-sired se-cu-rity [[]]. The least used Ci-
 []

[44 </Users/rahulseth/Desktop/Y4/S2/FYP/BAI_FYP/writeup/v1/images//newgraph.png>]
<images//new_mem_profile.png, id=915, 1187.43625pt x 410.53375pt>
File: images//new_mem_profile.png Graphic file (type png)
<use images//new_mem_profile.png>
Package pdftex.def Info: images//new_mem_profile.png  used on input line 209.
(pdftex.def)             Requested size: 483.69684pt x 167.22995pt.
 [45 </Users/rahulseth/Desktop/Y4/S2/FYP/BAI_FYP/writeup/v1/images//new_mem_profile.png>]
<images//newdnscomp.png, id=923, 462.528pt x 346.896pt>
File: images//newdnscomp.png Graphic file (type png)
<use images//newdnscomp.png>
Package pdftex.def Info: images//newdnscomp.png  used on input line 226.
(pdftex.def)             Requested size: 426.79134pt x 320.11154pt.
) [46 </Users/rahulseth/Desktop/Y4/S2/FYP/BAI_FYP/writeup/v1/images//newdnscomp.png>]
Chapter 6.
(/Users/rahulseth/Desktop/Y4/S2/FYP/BAI_FYP/writeup/v1/conclusion.tex
Underfull \hbox (badness 10000) in paragraph at lines 7--23

 []


Underfull \hbox (badness 10000) in paragraph at lines 7--23

 []

[47

] [48]) (/Users/rahulseth/Desktop/Y4/S2/FYP/BAI_FYP/writeup/v1/main.bbl [49]
Underfull \hbox (badness 3281) in paragraph at lines 4--8
[]\OT1/cmr/m/n/10.95 (2008).  In-stal-la-tion | pan-das 0.23.1 doc-u-men-ta-tion.  []$\OT1/cmtt/m/n/10.95 https : / / pandas . pydata . org /
 []


Underfull \hbox (badness 1917) in paragraph at lines 24--28
[]\OT1/cmr/m/n/10.95 DmitryFillo (2015).  berserker[]resolver \TS1/cmr/m/n/10.95 · \OT1/cmr/m/n/10.95 pypi.  []$\OT1/cmtt/m/n/10.95 https : / / pypi . org / project / berserker _
 []

[50

]
Underfull \hbox (badness 10000) in paragraph at lines 98--103
\OT1/cmtt/m/n/10.95 unbound / about / # : [] : text = Unbound % 20is % 20a % 20validating % 2C % 20recursive ,[] is % 20more %
 []


Underfull \hbox (badness 1082) in paragraph at lines 105--110
[]\OT1/cmr/m/n/10.95 LAWRENCE, C. (2021).  The com-plete en-gi-neer's guide to code refac-tor-ing.  []$\OT1/cmtt/m/n/10.95 https :
 []


Underfull \hbox (badness 10000) in paragraph at lines 148--153
\OT1/cmtt/m/n/10.95 / / docs . microsoft . com / en-[]gb / windows / win32 / seccertenroll / public-[]key-[]infrastructure ?
 []

[51]
Underfull \hbox (badness 3635) in paragraph at lines 237--241
[]\OT1/cmr/m/n/10.95 Simko, C. (2019).  Learn ssh keys in min-utes.  []$\OT1/cmtt/m/n/10.95 https : / / www . foxpass . com / blog /
 []

[52]
Underfull \hbox (badness 10000) in paragraph at lines 259--264
[]\OT1/cmr/m/n/10.95 Williams, M. (2017).  In-side the rus-sian hack of ya-hoo: How they
 []


Underfull \hbox (badness 10000) in paragraph at lines 259--264
\OT1/cmr/m/n/10.95 did it | cso on-line.  []$\OT1/cmtt/m/n/10.95 https : / / www . csoonline . com / article / 3180762 /
 []

) [53]
Appendix A.
(/Users/rahulseth/Desktop/Y4/S2/FYP/BAI_FYP/writeup/v1/a1.tex [54

] [55]) [56] (/Users/rahulseth/Desktop/Y4/S2/FYP/BAI_FYP/writeup/v1/main.aux)

LaTeX Font Warning: Some font shapes were not available, defaults substituted.

Package rerunfilecheck Info: File `main.out' has not changed.
(rerunfilecheck)             Checksum: B1FE5EA865932D33B9E93AAAC2BAA462;11459.
 ) 
Here is how much of TeX's memory you used:
 15630 strings out of 478994
 237327 string characters out of 5858184
 799839 words of memory out of 5000000
 32431 multiletter control sequences out of 15000+600000
 412635 words of font info for 59 fonts, out of 8000000 for 9000
 1141 hyphenation exceptions out of 8191
 97i,9n,133p,415b,1967s stack positions out of 5000i,500n,10000p,200000b,80000s
{/usr/local/texlive/2021/texmf-dist/fonts/enc/dvips/cm-super/cm-super-ts1.enc}</usr/local/texlive/2021/texmf-dist/fonts/type1/public/amsfonts/cm/cmbx10.pfb></usr/local/texlive/2021/texmf-dist/fonts/type1/public/amsfonts/cm/cmbx12.pfb></usr/local/texlive/2021/texmf-dist/fonts/type1/public/amsfonts/cm/cmr10.pfb></usr/local/texlive/2021/texmf-dist/fonts/type1/public/amsfonts/cm/cmss10.pfb></usr/local/texlive/2021/texmf-dist/fonts/type1/public/amsfonts/cm/cmss12.pfb></usr/local/texlive/2021/texmf-dist/fonts/type1/public/amsfonts/cm/cmssbx10.pfb></usr/local/texlive/2021/texmf-dist/fonts/type1/public/amsfonts/cm/cmti10.pfb></usr/local/texlive/2021/texmf-dist/fonts/type1/public/amsfonts/cm/cmtt10.pfb></usr/local/texlive/2021/texmf-dist/fonts/type1/public/cm-super/sfrm1095.pfb>
Output written on /Users/rahulseth/Desktop/Y4/S2/FYP/BAI_FYP/writeup/v1/main.pdf (68 pages, 2481369 bytes).
PDF statistics:
 1231 PDF objects out of 1440 (max. 8388607)
 1098 compressed objects within 11 object streams
 389 named destinations out of 1000 (max. 500000)
 740 words of extra memory for PDF output out of 10000 (max. 10000000)

