\BOOKMARK [0][-]{Doc-Start}{\376\377\000D\000e\000c\000l\000a\000r\000a\000t\000i\000o\000n}{}% 1
\BOOKMARK [0][-]{chapter*.1}{\376\377\000A\000b\000s\000t\000r\000a\000c\000t}{}% 2
\BOOKMARK [0][-]{chapter*.2}{\376\377\000A\000c\000k\000n\000o\000w\000l\000e\000d\000g\000e\000m\000e\000n\000t\000s}{}% 3
\BOOKMARK [0][-]{chapter*.3}{\376\377\000L\000i\000s\000t\000\040\000o\000f\000\040\000A\000c\000r\000o\000n\000y\000m\000s}{}% 4
\BOOKMARK [0][-]{chapter.1}{\376\377\000I\000n\000t\000r\000o\000d\000u\000c\000t\000i\000o\000n}{}% 5
\BOOKMARK [1][-]{section.1.1}{\376\377\000M\000o\000t\000i\000v\000a\000t\000i\000o\000n}{chapter.1}% 6
\BOOKMARK [1][-]{section.1.2}{\376\377\000O\000b\000j\000e\000c\000t\000i\000v\000e\000s}{chapter.1}% 7
\BOOKMARK [2][-]{subsection.1.2.1}{\376\377\000R\000e\000s\000e\000a\000r\000c\000h\000\040\000O\000b\000j\000e\000c\000t\000i\000v\000e\000s}{section.1.2}% 8
\BOOKMARK [2][-]{subsection.1.2.2}{\376\377\000P\000e\000r\000s\000o\000n\000a\000l\000\040\000O\000b\000j\000e\000c\000t\000i\000v\000e\000s}{section.1.2}% 9
\BOOKMARK [1][-]{section.1.3}{\376\377\000T\000h\000e\000s\000i\000s\000\040\000O\000v\000e\000r\000v\000i\000e\000w}{chapter.1}% 10
\BOOKMARK [0][-]{chapter.2}{\376\377\000B\000a\000c\000k\000g\000r\000o\000u\000n\000d}{}% 11
\BOOKMARK [1][-]{section.2.1}{\376\377\000I\000n\000t\000e\000r\000n\000e\000t\000\040\000S\000c\000a\000n\000n\000i\000n\000g}{chapter.2}% 12
\BOOKMARK [2][-]{subsection.2.1.1}{\376\377\000M\000a\000x\000M\000i\000n\000d\000\040\000G\000e\000o\000l\000o\000c\000a\000t\000i\000o\000n\000\040\000I\000P\000\040\000D\000a\000t\000a\000b\000a\000s\000e\000s\000\040\000a\000n\000d\000\040\000S\000e\000r\000v\000i\000c\000e\000s}{section.2.1}% 13
\BOOKMARK [2][-]{subsection.2.1.2}{\376\377\000Z\000M\000a\000p\000\040\000a\000n\000d\000\040\000Z\000G\000r\000a\000b}{section.2.1}% 14
\BOOKMARK [2][-]{subsection.2.1.3}{\376\377\000E\000t\000h\000i\000c\000a\000l\000\040\000C\000o\000n\000s\000i\000d\000e\000r\000a\000t\000i\000o\000n\000s}{section.2.1}% 15
\BOOKMARK [1][-]{section.2.2}{\376\377\000P\000u\000b\000l\000i\000c\000\040\000K\000e\000y\000\040\000I\000n\000f\000r\000a\000s\000t\000r\000u\000c\000t\000u\000r\000e}{chapter.2}% 16
\BOOKMARK [1][-]{section.2.3}{\376\377\000T\000r\000a\000n\000s\000p\000o\000r\000t\000\040\000L\000a\000y\000e\000r\000\040\000S\000e\000c\000u\000r\000i\000t\000y}{chapter.2}% 17
\BOOKMARK [2][-]{subsection.2.3.1}{\376\377\000I\000m\000p\000l\000i\000c\000i\000t\000\040\000T\000L\000S\000\040\000v\000/\000s\000\040\000O\000p\000p\000o\000r\000t\000u\000n\000i\000s\000t\000i\000c\000\040\000T\000L\000S}{section.2.3}% 18
\BOOKMARK [2][-]{subsection.2.3.2}{\376\377\000T\000L\000S\000\040\000C\000e\000r\000t\000i\000f\000i\000c\000a\000t\000e\000s}{section.2.3}% 19
\BOOKMARK [2][-]{subsection.2.3.3}{\376\377\000T\000L\000S\000\040\000C\000i\000p\000h\000e\000r\000\040\000S\000u\000i\000t\000e\000s}{section.2.3}% 20
\BOOKMARK [2][-]{subsection.2.3.4}{\376\377\000F\000i\000n\000g\000e\000r\000p\000r\000i\000n\000t\000\040\000S\000H\000A\000-\0002\0005\0006}{section.2.3}% 21
\BOOKMARK [1][-]{section.2.4}{\376\377\000A\000p\000p\000l\000i\000c\000a\000t\000i\000o\000n\000\040\000L\000a\000y\000e\000r\000\040\000P\000r\000o\000t\000o\000c\000o\000l\000s}{chapter.2}% 22
\BOOKMARK [2][-]{subsection.2.4.1}{\376\377\000S\000e\000c\000u\000r\000e\000\040\000S\000h\000e\000l\000l\000\040\000P\000r\000o\000t\000o\000c\000o\000l}{section.2.4}% 23
\BOOKMARK [2][-]{subsection.2.4.2}{\376\377\000S\000M\000T\000P\000/\000\040\000\050\000S\000\051}{section.2.4}% 24
\BOOKMARK [2][-]{subsection.2.4.3}{\376\377\000P\000O\000P\0003\000\040\000/\000\040\000\050\000S\000\051}{section.2.4}% 25
\BOOKMARK [2][-]{subsection.2.4.4}{\376\377\000I\000M\000A\000P\000/\000\040\000\050\000S\000\051}{section.2.4}% 26
\BOOKMARK [2][-]{subsection.2.4.5}{\376\377\000H\000T\000T\000P\000S}{section.2.4}% 27
\BOOKMARK [1][-]{section.2.5}{\376\377\000T\000e\000c\000h\000n\000o\000l\000o\000g\000y\000\040\000E\000v\000o\000l\000u\000t\000i\000o\000n}{chapter.2}% 28
\BOOKMARK [1][-]{section.2.6}{\376\377\000C\000o\000d\000e\000\040\000R\000e\000f\000a\000c\000t\000o\000r\000i\000n\000g}{chapter.2}% 29
\BOOKMARK [0][-]{chapter.3}{\376\377\000R\000e\000l\000a\000t\000e\000d\000\040\000W\000o\000r\000k}{}% 30
\BOOKMARK [1][-]{section.3.1}{\376\377\000S\000u\000m\000m\000a\000r\000y}{chapter.3}% 31
\BOOKMARK [2][-]{subsection.3.1.1}{\376\377\000C\000a\000u\000s\000e\000s\000\040\000o\000f\000\040\000K\000e\000y\000\040\000R\000e\000u\000s\000e}{section.3.1}% 32
\BOOKMARK [2][-]{subsection.3.1.2}{\376\377\000D\000a\000n\000g\000e\000r\000s\000\040\000o\000f\000\040\000K\000e\000y\000\040\000R\000e\000u\000s\000e}{section.3.1}% 33
\BOOKMARK [0][-]{chapter.4}{\376\377\000I\000m\000p\000l\000e\000m\000e\000n\000t\000a\000t\000i\000o\000n}{}% 34
\BOOKMARK [1][-]{section.4.1}{\376\377\000O\000v\000e\000r\000v\000i\000e\000w}{chapter.4}% 35
\BOOKMARK [2][-]{subsection.4.1.1}{\376\377\000T\000e\000c\000h\000n\000o\000l\000o\000g\000i\000e\000s\000\040\000U\000s\000e\000d}{section.4.1}% 36
\BOOKMARK [1][-]{section.4.2}{\376\377\000E\000n\000v\000i\000r\000o\000n\000m\000e\000n\000t\000\040\000S\000e\000t\000u\000p}{chapter.4}% 37
\BOOKMARK [1][-]{section.4.3}{\376\377\000S\000t\000a\000g\000e\000\040\0001\000:\000\040\000M\000a\000x\000m\000i\000n\000d\000\040\000S\000t\000a\000g\000e}{chapter.4}% 38
\BOOKMARK [1][-]{section.4.4}{\376\377\000S\000t\000a\000g\000e\000\040\0002\000:\000\040\000P\000o\000r\000t\000\040\000S\000c\000a\000n\000\040\000a\000n\000d\000\040\000B\000a\000n\000n\000e\000r\000\040\000G\000r\000a\000b}{chapter.4}% 39
\BOOKMARK [2][-]{subsection.4.4.1}{\376\377\000Z\000M\000a\000p}{section.4.4}% 40
\BOOKMARK [2][-]{subsection.4.4.2}{\376\377\000Z\000G\000r\000a\000b}{section.4.4}% 41
\BOOKMARK [1][-]{section.4.5}{\376\377\000S\000t\000a\000g\000e\000\040\0003\000:\000\040\000D\000a\000t\000a\000\040\000P\000r\000o\000c\000e\000s\000s\000i\000n\000g\000\040\000a\000n\000d\000\040\000V\000i\000s\000u\000a\000l\000i\000s\000a\000t\000i\000o\000n}{chapter.4}% 42
\BOOKMARK [2][-]{subsection.4.5.1}{\376\377\000D\000a\000t\000a\000\040\000P\000r\000o\000c\000e\000s\000s\000i\000n\000g}{section.4.5}% 43
\BOOKMARK [2][-]{subsection.4.5.2}{\376\377\000D\000a\000t\000a\000\040\000A\000n\000a\000l\000y\000s\000i\000s}{section.4.5}% 44
\BOOKMARK [2][-]{subsection.4.5.3}{\376\377\000D\000a\000t\000a\000\040\000V\000i\000s\000u\000a\000l\000i\000s\000a\000t\000i\000o\000n}{section.4.5}% 45
\BOOKMARK [1][-]{section.4.6}{\376\377\000A\000d\000d\000i\000t\000i\000o\000n\000a\000l\000\040\000T\000o\000o\000l\000s}{chapter.4}% 46
\BOOKMARK [1][-]{section.4.7}{\376\377\000C\000o\000d\000e\000\040\000M\000i\000g\000r\000a\000t\000i\000o\000n\000,\000\040\000R\000e\000f\000a\000c\000t\000o\000r\000i\000n\000g\000\040\000a\000n\000d\000\040\000O\000p\000t\000i\000m\000i\000s\000a\000t\000i\000o\000n}{chapter.4}% 47
\BOOKMARK [2][-]{subsection.4.7.1}{\376\377\000C\000o\000d\000e\000\040\000R\000e\000f\000a\000c\000t\000o\000r\000i\000n\000g}{section.4.7}% 48
\BOOKMARK [2][-]{subsection.4.7.2}{\376\377\000C\000o\000d\000e\000\040\000O\000p\000t\000i\000m\000i\000s\000a\000t\000i\000o\000n}{section.4.7}% 49
\BOOKMARK [2][-]{subsection.4.7.3}{\376\377\000D\000N\000S\000\040\000R\000e\000s\000o\000l\000v\000i\000n\000g}{section.4.7}% 50
\BOOKMARK [1][-]{section.4.8}{\376\377\000C\000h\000a\000l\000l\000e\000n\000g\000e\000s}{chapter.4}% 51
\BOOKMARK [0][-]{chapter.5}{\376\377\000R\000e\000s\000u\000l\000t\000s\000\040\000a\000n\000d\000\040\000D\000i\000s\000c\000u\000s\000s\000i\000o\000n}{}% 52
\BOOKMARK [1][-]{section.5.1}{\376\377\000O\000v\000e\000r\000v\000i\000e\000w\000\040\000o\000f\000\040\000R\000e\000s\000u\000l\000t\000s}{chapter.5}% 53
\BOOKMARK [1][-]{section.5.2}{\376\377\000P\000r\000o\000t\000o\000c\000o\000l\000\040\000V\000e\000r\000s\000i\000o\000n\000s}{chapter.5}% 54
\BOOKMARK [2][-]{subsection.5.2.1}{\376\377\000C\000r\000y\000p\000t\000o\000g\000r\000a\000p\000h\000y\000\040\000p\000e\000r\000\040\000p\000o\000r\000t\000\040\000C\000o\000u\000n\000t}{section.5.2}% 55
\BOOKMARK [2][-]{subsection.5.2.2}{\376\377\000S\000S\000H\000\040\000V\000e\000r\000s\000i\000o\000n\000s}{section.5.2}% 56
\BOOKMARK [2][-]{subsection.5.2.3}{\376\377\000T\000L\000S\000\040\000V\000e\000r\000s\000i\000o\000n\000s}{section.5.2}% 57
\BOOKMARK [1][-]{section.5.3}{\376\377\000K\000e\000y\000\040\000R\000e\000u\000s\000e\000\040\000R\000e\000s\000u\000l\000t\000s}{chapter.5}% 58
\BOOKMARK [2][-]{subsection.5.3.1}{\376\377\000C\000l\000u\000s\000t\000e\000r\000\040\0001\0005}{section.5.3}% 59
\BOOKMARK [2][-]{subsection.5.3.2}{\376\377\000C\000l\000u\000s\000t\000e\000r\000\040\0004\0003}{section.5.3}% 60
\BOOKMARK [2][-]{subsection.5.3.3}{\376\377\000C\000l\000u\000s\000t\000e\000r\000\040\0007\0002}{section.5.3}% 61
\BOOKMARK [2][-]{subsection.5.3.4}{\376\377\000C\000l\000u\000s\000t\000e\000r\000\040\0001\0003\0003}{section.5.3}% 62
\BOOKMARK [2][-]{subsection.5.3.5}{\376\377\000C\000l\000u\000s\000t\000e\000r\000\040\0001\0004\0008}{section.5.3}% 63
\BOOKMARK [2][-]{subsection.5.3.6}{\376\377\000C\000l\000u\000s\000t\000e\000r\000\040\0005\0003\0006}{section.5.3}% 64
\BOOKMARK [2][-]{subsection.5.3.7}{\376\377\000C\000l\000u\000s\000t\000e\000r\000\040\0007\0008\0006}{section.5.3}% 65
\BOOKMARK [2][-]{subsection.5.3.8}{\376\377\000T\000L\000S\000\040\000C\000i\000p\000h\000e\000r\000\040\000S\000u\000i\000t\000e\000s}{section.5.3}% 66
\BOOKMARK [1][-]{section.5.4}{\376\377\000P\000o\000s\000t\000\040\000R\000e\000f\000a\000c\000t\000o\000r\000i\000n\000g\000\040\000a\000n\000d\000\040\000O\000p\000t\000i\000m\000i\000s\000a\000t\000i\000o\000n}{chapter.5}% 67
\BOOKMARK [0][-]{chapter.6}{\376\377\000C\000o\000n\000c\000l\000u\000s\000i\000o\000n\000s\000\040\000a\000n\000d\000\040\000F\000u\000t\000u\000r\000e\000\040\000W\000o\000r\000k}{}% 68
\BOOKMARK [1][-]{section.6.1}{\376\377\000C\000o\000n\000c\000l\000u\000s\000i\000o\000n\000s}{chapter.6}% 69
\BOOKMARK [2][-]{subsection.6.1.1}{\376\377\000G\000o\000a\000l\000s\000\040\000R\000e\000v\000i\000s\000t\000e\000d}{section.6.1}% 70
\BOOKMARK [2][-]{subsection.6.1.2}{\376\377\000F\000i\000n\000a\000l\000\040\000R\000e\000m\000a\000r\000k\000s}{section.6.1}% 71
\BOOKMARK [1][-]{section.6.2}{\376\377\000F\000u\000t\000u\000r\000e\000\040\000W\000o\000r\000k}{chapter.6}% 72
\BOOKMARK [2][-]{subsection.6.2.1}{\376\377\000S\000c\000a\000n\000n\000i\000n\000g\000\040\000o\000t\000h\000e\000r\000\040\000C\000o\000u\000n\000t\000r\000i\000e\000s\000\040\000a\000n\000d\000\040\000I\000P\000v\0006\000\040\000a\000d\000d\000r\000e\000s\000s\000\040\000S\000p\000a\000c\000e}{section.6.2}% 73
\BOOKMARK [2][-]{subsection.6.2.2}{\376\377\000A\000d\000d\000i\000n\000g\000\040\000A\000d\000d\000i\000t\000i\000o\000n\000a\000l\000\040\000P\000r\000o\000t\000o\000c\000o\000l\000s}{section.6.2}% 74
\BOOKMARK [2][-]{subsection.6.2.3}{\376\377\000D\000a\000t\000a\000b\000a\000s\000e\000\040\000M\000a\000n\000a\000g\000e\000m\000e\000n\000t}{section.6.2}% 75
\BOOKMARK [0][-]{subsection.6.2.3}{\376\377\000B\000i\000b\000l\000i\000o\000g\000r\000a\000p\000h\000y}{}% 76
\BOOKMARK [0][-]{chapter*.35}{\376\377\000A\000p\000p\000e\000n\000d\000i\000x}{}% 77
\BOOKMARK [0][-]{appendix.A}{\376\377\000S\000a\000m\000p\000l\000e\000\040\000S\000c\000a\000n\000\040\000D\000a\000t\000a}{}% 78
